<?xml version="1.0" encoding="UTF-8"?>
<testsuite name="SeleniumTest" tests="1" skipped="0" failures="0" errors="0" timestamp="2022-01-16T20:44:11" hostname="DESKTOP-NPG4N7F" time="11.979">
  <properties/>
  <testcase name="initWeb()" classname="SeleniumTest" time="11.979"/>
  <system-out><![CDATA[]]></system-out>
  <system-err><![CDATA[SLF4J: Failed to load class "org.slf4j.impl.StaticLoggerBinder".
SLF4J: Defaulting to no-operation (NOP) logger implementation
SLF4J: See http://www.slf4j.org/codes.html#StaticLoggerBinder for further details.
1642365839955	geckodriver	INFO	Listening on 127.0.0.1:60924
1642365840658	mozrunner::runner	INFO	Running command: "C:\\Program Files\\Mozilla Firefox\\firefox.exe" "--marionette" "--remote-debugging-port" "61155" "-no-remote" "-profile" "C:\\Users\\Ayrton\\AppData\\Local\\Temp\\rust_mozprofileNFTKSI"
1642365842490	Marionette	INFO	Marionette enabled
console.warn: SearchSettings: "get: No settings file exists, new profile?" (new NotFoundError("Could not open the file at C:\\Users\\Ayrton\\AppData\\Local\\Temp\\rust_mozprofileNFTKSI\\search.json.mozlz4", (void 0)))
DevTools listening on ws://localhost:61155/devtools/browser/1b0c50ca-a596-4fb5-94ce-5d123e905d80
1642365849807	Marionette	INFO	Listening on port 60733
1642365850630	RemoteAgent	WARN	TLS certificate errors will be ignored for this session
ene. 16, 2022 5:44:10 P. M. org.openqa.selenium.remote.ProtocolHandshake createSession
INFO: Detected dialect: W3C
1642365863289	Marionette	INFO	Stopped listening on port 60733
JavaScript error: resource://gre/modules/Sqlite.jsm, line 1059: Error: Sqlite.jsm has been shutdown. Cannot open connection to: C:\Users\Ayrton\AppData\Local\Temp\rust_mozprofileNFTKSI\protections.sqlite

###!!! [Child][RunMessage] Error: Channel closing: too late to send/recv, messages will be lost


###!!! [Child][RunMessage] Error: Channel closing: too late to send/recv, messages will be lost

]]></system-err>
</testsuite>
